<?xml version="1.0" encoding="UTF-8" ?>
<testsuite tests="1" failures="0" name="com.sapient.AppTest" time="0.009" errors="0" skipped="0">
  <properties>
    <property name="java.runtime.name" value="Java(TM) SE Runtime Environment"/>
    <property name="java.vm.version" value="16.0.1+9-24"/>
    <property name="sun.boot.library.path" value="/Library/Java/JavaVirtualMachines/jdk-16.0.1.jdk/Contents/Home/lib"/>
    <property name="maven.multiModuleProjectDirectory" value="/Volumes/Backup/Tasks/PSTraining/PSTrainingWeek1/projectadd"/>
    <property name="java.vm.vendor" value="Oracle Corporation"/>
    <property name="java.vendor.url" value="https://java.oracle.com/"/>
    <property name="guice.disable.misplaced.annotation.check" value="true"/>
    <property name="path.separator" value=":"/>
    <property name="java.vm.name" value="Java HotSpot(TM) 64-Bit Server VM"/>
    <property name="user.country" value="IN"/>
    <property name="sun.java.launcher" value="SUN_STANDARD"/>
    <property name="java.vm.specification.name" value="Java Virtual Machine Specification"/>
    <property name="user.dir" value="/Volumes/Backup/Tasks/PSTraining/PSTrainingWeek1/projectadd"/>
    <property name="java.vm.compressedOopsMode" value="Zero based"/>
    <property name="java.runtime.version" value="16.0.1+9-24"/>
    <property name="os.arch" value="x86_64"/>
    <property name="java.io.tmpdir" value="/var/folders/wh/k5q8np8d3s309h7vkfjysmt80000gn/T/"/>
    <property name="line.separator" value="
"/>
    <property name="java.vm.specification.vendor" value="Oracle Corporation"/>
    <property name="os.name" value="Mac OS X"/>
    <property name="classworlds.conf" value="/Volumes/Backup/Applications/apache-maven-3.8.1/bin/m2.conf"/>
    <property name="sun.jnu.encoding" value="UTF-8"/>
    <property name="java.library.path" value="/Users/nikhil/Library/Java/Extensions:/Library/Java/Extensions:/Network/Library/Java/Extensions:/System/Library/Java/Extensions:/usr/lib/java:."/>
    <property name="maven.conf" value="/Volumes/Backup/Applications/apache-maven-3.8.1/conf"/>
    <property name="jdk.debug" value="release"/>
    <property name="java.class.version" value="60.0"/>
    <property name="java.specification.name" value="Java Platform API Specification"/>
    <property name="sun.management.compiler" value="HotSpot 64-Bit Tiered Compilers"/>
    <property name="os.version" value="10.15.7"/>
    <property name="library.jansi.path" value="/Volumes/Backup/Applications/apache-maven-3.8.1/lib/jansi-native"/>
    <property name="http.nonProxyHosts" value="local|*.local|169.254/16|*.169.254/16"/>
    <property name="user.home" value="/Users/nikhil"/>
    <property name="user.timezone" value="Asia/Kolkata"/>
    <property name="file.encoding" value="UTF-8"/>
    <property name="java.specification.version" value="16"/>
    <property name="user.name" value="nikhil"/>
    <property name="java.class.path" value="/Volumes/Backup/Applications/apache-maven-3.8.1/boot/plexus-classworlds-2.6.0.jar"/>
    <property name="java.vm.specification.version" value="16"/>
    <property name="sun.arch.data.model" value="64"/>
    <property name="sun.java.command" value="org.codehaus.plexus.classworlds.launcher.Launcher package"/>
    <property name="java.home" value="/Library/Java/JavaVirtualMachines/jdk-16.0.1.jdk/Contents/Home"/>
    <property name="user.language" value="en"/>
    <property name="java.specification.vendor" value="Oracle Corporation"/>
    <property name="java.vm.info" value="mixed mode, sharing"/>
    <property name="java.version" value="16.0.1"/>
    <property name="java.vendor" value="Oracle Corporation"/>
    <property name="maven.home" value="/Volumes/Backup/Applications/apache-maven-3.8.1"/>
    <property name="file.separator" value="/"/>
    <property name="java.version.date" value="2021-04-20"/>
    <property name="java.vendor.url.bug" value="https://bugreport.java.com/bugreport/"/>
    <property name="sun.io.unicode.encoding" value="UnicodeBig"/>
    <property name="sun.cpu.endian" value="little"/>
    <property name="socksNonProxyHosts" value="local|*.local|169.254/16|*.169.254/16"/>
    <property name="ftp.nonProxyHosts" value="local|*.local|169.254/16|*.169.254/16"/>
  </properties>
  <testcase classname="com.sapient.AppTest" name="test1" time="0.009"/>
</testsuite>